app/build/outputs/logs/manifest-merger-debug-report.txt
-- Merging decision tree log ---
manifest
ADDED from src/main/AndroidManifest.xml:17:1-88:12
	package
		ADDED from src/main/AndroidManifest.xml:18:5-39
		INJECTED from src/main/AndroidManifest.xml
		INJECTED from src/main/AndroidManifest.xml
	android:versionName
		ADDED from src/main/AndroidManifest.xml:21:5-30
	android:versionCode
		ADDED from src/main/AndroidManifest.xml:20:5-28
		INJECTED from src/main/AndroidManifest.xml
		INJECTED from src/main/AndroidManifest.xml
	xmlns:android
		ADDED from src/main/AndroidManifest.xml:17:11-69
	android:installLocation
		ADDED from src/main/AndroidManifest.xml:19:5-45
uses-sdk
ADDED from src/main/AndroidManifest.xml:23:5-25:41
	android:targetSdkVersion
		ADDED from src/main/AndroidManifest.xml:25:9-38
		INJECTED from src/main/AndroidManifest.xml
		INJECTED from src/main/AndroidManifest.xml
	android:minSdkVersion
		ADDED from src/main/AndroidManifest.xml:24:9-35
		INJECTED from src/main/AndroidManifest.xml
		INJECTED from src/main/AndroidManifest.xml
uses-feature#0x00020000
ADDED from src/main/AndroidManifest.xml:27:5-54
	android:glEsVersion
		ADDED from src/main/AndroidManifest.xml:27:19-51
uses-permission#android.permission.NFC
ADDED from src/main/AndroidManifest.xml:29:5-62
	android:name
		ADDED from src/main/AndroidManifest.xml:29:22-59
uses-permission#android.permission.READ_EXTERNAL_STORAGE
ADDED from src/main/AndroidManifest.xml:30:5-80
	android:name
		ADDED from src/main/AndroidManifest.xml:30:22-77
uses-permission#android.permission.WRITE_EXTERNAL_STORAGE
ADDED from src/main/AndroidManifest.xml:31:5-81
	android:name
		ADDED from src/main/AndroidManifest.xml:31:22-78
uses-feature#android.hardware.sensor.accelerometer
ADDED from src/main/AndroidManifest.xml:33:5-35:36
	android:required
		ADDED from src/main/AndroidManifest.xml:35:9-33
	android:name
		ADDED from src/main/AndroidManifest.xml:34:9-61
uses-feature#android.hardware.touchscreen
ADDED from src/main/AndroidManifest.xml:36:5-38:36
	android:required
		ADDED from src/main/AndroidManifest.xml:38:9-33
	android:name
		ADDED from src/main/AndroidManifest.xml:37:9-52
uses-feature#android.hardware.touchscreen.multitouch
ADDED from src/main/AndroidManifest.xml:39:5-41:36
	android:required
		ADDED from src/main/AndroidManifest.xml:41:9-33
	android:name
		ADDED from src/main/AndroidManifest.xml:40:9-63
uses-feature#android.hardware.touchscreen.multitouch.distinct
ADDED from src/main/AndroidManifest.xml:42:5-44:36
	android:required
		ADDED from src/main/AndroidManifest.xml:44:9-33
	android:name
		ADDED from src/main/AndroidManifest.xml:43:9-72
android:uses-permission#android.permission.READ_PHONE_STATE
ADDED from src/main/AndroidManifest.xml:46:5-83
	android:name
		ADDED from src/main/AndroidManifest.xml:46:30-80
application
ADDED from src/main/AndroidManifest.xml:48:5-86:19
	android:label
		ADDED from src/main/AndroidManifest.xml:51:9-41
	android:icon
		ADDED from src/main/AndroidManifest.xml:50:9-42
	android:banner
		ADDED from src/main/AndroidManifest.xml:49:9-46
	android:theme
		ADDED from src/main/AndroidManifest.xml:52:9-50
activity#com.google.unity.GoogleUnityActivity
ADDED from src/main/AndroidManifest.xml:53:9-67:20
	android:screenOrientation
		ADDED from src/main/AndroidManifest.xml:58:13-51
	android:label
		ADDED from src/main/AndroidManifest.xml:56:13-45
	android:launchMode
		ADDED from src/main/AndroidManifest.xml:57:13-44
	android:configChanges
		ADDED from src/main/AndroidManifest.xml:55:13-170
	android:name
		ADDED from src/main/AndroidManifest.xml:54:13-64
intent-filter#android.intent.category.LEANBACK_LAUNCHER+com.google.intent.category.CARDBOARD
ADDED from src/main/AndroidManifest.xml:59:13-62:29
category#com.google.intent.category.CARDBOARD
ADDED from src/main/AndroidManifest.xml:60:17-81
	android:name
		ADDED from src/main/AndroidManifest.xml:60:27-78
category#android.intent.category.LEANBACK_LAUNCHER
ADDED from src/main/AndroidManifest.xml:61:17-86
	android:name
		ADDED from src/main/AndroidManifest.xml:61:27-83
meta-data#unityplayer.UnityActivity
ADDED from src/main/AndroidManifest.xml:64:13-66:40
	android:value
		ADDED from src/main/AndroidManifest.xml:66:17-37
	android:name
		ADDED from src/main/AndroidManifest.xml:65:17-57
meta-data#IMMERSIVE_MODE
ADDED from src/main/AndroidManifest.xml:69:9-71:36
	android:value
		ADDED from src/main/AndroidManifest.xml:71:13-33
	android:name
		ADDED from src/main/AndroidManifest.xml:70:13-42
activity#com.jezhou.soapboxvronly.MainActivity
ADDED from src/main/AndroidManifest.xml:73:9-81:20
	android:label
		ADDED from src/main/AndroidManifest.xml:75:13-56
	android:name
		ADDED from src/main/AndroidManifest.xml:74:13-41
intent-filter#android.intent.action.MAIN+android.intent.category.LAUNCHER
ADDED from src/main/AndroidManifest.xml:76:13-80:29
action#android.intent.action.MAIN
ADDED from src/main/AndroidManifest.xml:77:17-69
	android:name
		ADDED from src/main/AndroidManifest.xml:77:25-66
category#android.intent.category.LAUNCHER
ADDED from src/main/AndroidManifest.xml:79:17-77
	android:name
		ADDED from src/main/AndroidManifest.xml:79:27-74
activity#com.jezhou.soapboxvronly.RecordingsActivity
ADDED from src/main/AndroidManifest.xml:82:9-85:20
	android:label
		ADDED from src/main/AndroidManifest.xml:84:13-62
	android:name
		ADDED from src/main/AndroidManifest.xml:83:13-47